nohup: ignoring input
time="2026-03-07T12:56:39.773568141Z" level=info msg="Start initial configuration in progress"
time="2026-03-07T12:56:39.77484932Z" level=warning msg="To use xtls-rprx-vision, ensure your server is upgrade to Xray-core v1.8.0+"
time="2026-03-07T12:56:39.774989867Z" level=warning msg="To use xtls-rprx-vision, ensure your server is upgrade to Xray-core v1.8.0+"
time="2026-03-07T12:56:39.775272024Z" level=warning msg="To use xtls-rprx-vision, ensure your server is upgrade to Xray-core v1.8.0+"
time="2026-03-07T12:56:39.775399973Z" level=warning msg="To use xtls-rprx-vision, ensure your server is upgrade to Xray-core v1.8.0+"
time="2026-03-07T12:56:39.775509962Z" level=warning msg="To use xtls-rprx-vision, ensure your server is upgrade to Xray-core v1.8.0+"
time="2026-03-07T12:56:39.775646868Z" level=warning msg="To use xtls-rprx-vision, ensure your server is upgrade to Xray-core v1.8.0+"
time="2026-03-07T12:56:39.775801846Z" level=warning msg="To use xtls-rprx-vision, ensure your server is upgrade to Xray-core v1.8.0+"
time="2026-03-07T12:56:39.77592538Z" level=warning msg="To use xtls-rprx-vision, ensure your server is upgrade to Xray-core v1.8.0+"
time="2026-03-07T12:56:39.77601457Z" level=warning msg="To use xtls-rprx-vision, ensure your server is upgrade to Xray-core v1.8.0+"
time="2026-03-07T12:56:39.776117915Z" level=warning msg="To use xtls-rprx-vision, ensure your server is upgrade to Xray-core v1.8.0+"
time="2026-03-07T12:56:39.776198749Z" level=warning msg="To use xtls-rprx-vision, ensure your server is upgrade to Xray-core v1.8.0+"
time="2026-03-07T12:56:39.776282527Z" level=warning msg="To use xtls-rprx-vision, ensure your server is upgrade to Xray-core v1.8.0+"
time="2026-03-07T12:56:39.77637103Z" level=warning msg="To use xtls-rprx-vision, ensure your server is upgrade to Xray-core v1.8.0+"
time="2026-03-07T12:56:39.776455588Z" level=warning msg="To use xtls-rprx-vision, ensure your server is upgrade to Xray-core v1.8.0+"
time="2026-03-07T12:56:39.776541958Z" level=warning msg="To use xtls-rprx-vision, ensure your server is upgrade to Xray-core v1.8.0+"
time="2026-03-07T12:56:39.778347362Z" level=info msg="Geodata Loader mode: memconservative"
time="2026-03-07T12:56:39.778392277Z" level=info msg="Geosite Matcher implementation: succinct"
time="2026-03-07T12:56:39.781056333Z" level=info msg="Initial configuration complete, total time: 7ms"
time="2026-03-07T12:56:39.782426197Z" level=info msg="RESTful API listening at: 127.0.0.1:9090"
time="2026-03-07T12:56:39.829001705Z" level=info msg="Sniffer is closed"
time="2026-03-07T12:56:39.829441358Z" level=error msg="Start Mixed(http+socks) server error: listen tcp :7890: bind: address already in use"
time="2026-03-07T12:56:39.832895114Z" level=info msg="Start initial Compatible provider default"
time="2026-03-07T12:56:39.83297226Z" level=info msg="Start initial Compatible provider 故障转移"
time="2026-03-07T12:56:39.833020757Z" level=info msg="Start initial Compatible provider 自动选择"
time="2026-03-07T12:56:39.833141311Z" level=info msg="Start initial Compatible provider 一元机场"
time="2026-03-07T13:03:22.038708873Z" level=warning msg="Mihomo shutting down"
