[2026-03-07 13:31:49] 🚀 开始处理本地文件...
[2026-03-07 13:31:49] 📂 源文件: ./config_source.yaml
[2026-03-07 13:31:49] 🎯 目标文件: /home/dave_paine/.config/mihomo/config.yaml
[2026-03-07 13:31:49] ✅ 已备份当前运行配置。
[2026-03-07 13:31:49] 🧠 正在智能筛选美国节点...
[2026-03-07 13:31:50] ❌ 错误: Python 脚本执行失败
[2026-03-07 13:31:50] ⚠️ 正在恢复旧配置...
[2026-03-07 13:31:55] ✅ 已恢复旧配置，服务未中断。
[2026-03-07 13:33:39] 🚀 开始处理本地文件...
[2026-03-07 13:33:39] 📂 源文件: /home/dave_paine/mihomo/config_source.yaml
[2026-03-07 13:33:39] 🎯 目标文件: /home/dave_paine/.config/mihomo/config.yaml
[2026-03-07 13:33:39] ✅ 已备份当前运行配置。
[2026-03-07 13:33:39] 🧠 正在智能筛选美国节点...
[2026-03-07 13:33:39] 🔍 验证配置语法...
[2026-03-07 13:33:39] ✅ 语法验证通过
[2026-03-07 13:33:39] 🔄 重启 Mihomo 服务...
[2026-03-07 13:33:39] 🎉 成功！服务已重启。
[2026-03-07 13:33:41] 🔍 验证出口 IP...
[2026-03-07 13:33:42] ✅ 验证成功：当前出口为美国 (US)
[2026-03-07 13:33:42] 🏁 流程结束
